This is pdfTeX, Version 3.141592653-2.6-1.40.22 (MiKTeX 21.2) (preloaded format=pdflatex 2021.3.16)  26 MAY 2021 22:39
entering extended mode
**./bare_jrnl_compsoc.tex
(bare_jrnl_compsoc.tex
LaTeX2e <2020-10-01> patch level 4
L3 programming layer <2021-02-18> xparse <2020-03-03> (IEEEtran.cls
Document Class: IEEEtran 2015/08/26 V1.8b by Michael Shell
-- See the "IEEEtran_HOWTO" manual for usage information.
-- http://www.michaelshell.org/tex/ieeetran/
\@IEEEtrantmpdimenA=\dimen138
\@IEEEtrantmpdimenB=\dimen139
\@IEEEtrantmpdimenC=\dimen140
\@IEEEtrantmpcountA=\count179
\@IEEEtrantmpcountB=\count180
\@IEEEtrantmpcountC=\count181
\@IEEEtrantmptoksA=\toks15
LaTeX Font Info:    Trying to load font information for OT1+ppl on input line 5
03.
(C:\Program Files\MiKTeX\tex/latex/psnfss\ot1ppl.fd
File: ot1ppl.fd 2001/06/04 font definitions for OT1/ppl.
)
-- Using IEEE Computer Society mode.
-- Using 8.5in x 11in (letter) paper.
-- Using PDF output.
\@IEEEnormalsizeunitybaselineskip=\dimen141
-- This is a 10 point document.
\CLASSINFOnormalsizebaselineskip=\dimen142
\CLASSINFOnormalsizeunitybaselineskip=\dimen143
\IEEEnormaljot=\dimen144
LaTeX Font Info:    Font shape `OT1/ppl/bx/n' in size <5.01874> not available
(Font)              Font shape `OT1/ppl/b/n' tried instead on input line 1090.
LaTeX Font Info:    Font shape `OT1/ppl/bx/it' in size <5.01874> not available
(Font)              Font shape `OT1/ppl/b/it' tried instead on input line 1090.

LaTeX Font Info:    Font shape `OT1/ppl/bx/n' in size <7.02625> not available
(Font)              Font shape `OT1/ppl/b/n' tried instead on input line 1090.
LaTeX Font Info:    Font shape `OT1/ppl/bx/it' in size <7.02625> not available
(Font)              Font shape `OT1/ppl/b/it' tried instead on input line 1090.

LaTeX Font Info:    Font shape `OT1/ppl/bx/n' in size <8.03> not available
(Font)              Font shape `OT1/ppl/b/n' tried instead on input line 1090.
LaTeX Font Info:    Font shape `OT1/ppl/bx/it' in size <8.03> not available
(Font)              Font shape `OT1/ppl/b/it' tried instead on input line 1090.

LaTeX Font Info:    Font shape `OT1/ppl/bx/n' in size <9.03374> not available
(Font)              Font shape `OT1/ppl/b/n' tried instead on input line 1090.
LaTeX Font Info:    Font shape `OT1/ppl/bx/it' in size <9.03374> not available
(Font)              Font shape `OT1/ppl/b/it' tried instead on input line 1090.

LaTeX Font Info:    Font shape `OT1/ppl/bx/n' in size <9.53561> not available
(Font)              Font shape `OT1/ppl/b/n' tried instead on input line 1090.
LaTeX Font Info:    Font shape `OT1/ppl/bx/it' in size <9.53561> not available
(Font)              Font shape `OT1/ppl/b/it' tried instead on input line 1090.

LaTeX Font Info:    Font shape `OT1/ppl/bx/n' in size <11.04124> not available
(Font)              Font shape `OT1/ppl/b/n' tried instead on input line 1090.
LaTeX Font Info:    Font shape `OT1/ppl/bx/it' in size <11.04124> not available

(Font)              Font shape `OT1/ppl/b/it' tried instead on input line 1090.

LaTeX Font Info:    Font shape `OT1/ppl/bx/n' in size <12.045> not available
(Font)              Font shape `OT1/ppl/b/n' tried instead on input line 1090.
LaTeX Font Info:    Font shape `OT1/ppl/bx/it' in size <12.045> not available
(Font)              Font shape `OT1/ppl/b/it' tried instead on input line 1090.

LaTeX Font Info:    Font shape `OT1/ppl/bx/n' in size <17.06374> not available
(Font)              Font shape `OT1/ppl/b/n' tried instead on input line 1090.
LaTeX Font Info:    Font shape `OT1/ppl/bx/it' in size <17.06374> not available

(Font)              Font shape `OT1/ppl/b/it' tried instead on input line 1090.

LaTeX Font Info:    Font shape `OT1/ppl/bx/n' in size <20.075> not available
(Font)              Font shape `OT1/ppl/b/n' tried instead on input line 1090.
LaTeX Font Info:    Font shape `OT1/ppl/bx/it' in size <20.075> not available
(Font)              Font shape `OT1/ppl/b/it' tried instead on input line 1090.

LaTeX Font Info:    Font shape `OT1/ppl/bx/n' in size <24.09> not available
(Font)              Font shape `OT1/ppl/b/n' tried instead on input line 1090.
LaTeX Font Info:    Font shape `OT1/ppl/bx/it' in size <24.09> not available
(Font)              Font shape `OT1/ppl/b/it' tried instead on input line 1090.

\IEEEquantizedlength=\dimen145
\IEEEquantizedlengthdiff=\dimen146
\IEEEquantizedtextheightdiff=\dimen147
\IEEEilabelindentA=\dimen148
\IEEEilabelindentB=\dimen149
\IEEEilabelindent=\dimen150
\IEEEelabelindent=\dimen151
\IEEEdlabelindent=\dimen152
\IEEElabelindent=\dimen153
\IEEEiednormlabelsep=\dimen154
\IEEEiedmathlabelsep=\dimen155
\IEEEiedtopsep=\skip47
\c@section=\count182
\c@subsection=\count183
\c@subsubsection=\count184
\c@paragraph=\count185
\c@IEEEsubequation=\count186
\abovecaptionskip=\skip48
\belowcaptionskip=\skip49
\c@figure=\count187
\c@table=\count188
\@IEEEeqnnumcols=\count189
\@IEEEeqncolcnt=\count190
\@IEEEsubeqnnumrollback=\count191
\@IEEEquantizeheightA=\dimen156
\@IEEEquantizeheightB=\dimen157
\@IEEEquantizeheightC=\dimen158
\@IEEEquantizeprevdepth=\dimen159
\@IEEEquantizemultiple=\count192
\@IEEEquantizeboxA=\box47
\@IEEEtmpitemindent=\dimen160
\IEEEPARstartletwidth=\dimen161
\c@IEEEbiography=\count193
\@IEEEtranrubishbin=\box48
) (C:\Program Files\MiKTeX\tex/latex/cite\cite.sty
LaTeX Info: Redefining \cite on input line 302.
LaTeX Info: Redefining \nocite on input line 332.
Package: cite 2015/02/27  v 5.5
)
(C:\Program Files\MiKTeX\tex/latex/amsmath\amsmath.sty
Package: amsmath 2020/09/23 v2.17i AMS math features
\@mathmargin=\skip50

For additional information on amsmath, use the `?' option.
(C:\Program Files\MiKTeX\tex/latex/amsmath\amstext.sty
Package: amstext 2000/06/29 v2.01 AMS text

(C:\Program Files\MiKTeX\tex/latex/amsmath\amsgen.sty
File: amsgen.sty 1999/11/30 v2.0 generic functions
\@emptytoks=\toks16
\ex@=\dimen162
))
(C:\Program Files\MiKTeX\tex/latex/amsmath\amsbsy.sty
Package: amsbsy 1999/11/29 v1.2d Bold Symbols
\pmbraise@=\dimen163
)
(C:\Program Files\MiKTeX\tex/latex/amsmath\amsopn.sty
Package: amsopn 2016/03/08 v2.02 operator names
)
\inf@bad=\count194
LaTeX Info: Redefining \frac on input line 234.
\uproot@=\count195
\leftroot@=\count196
LaTeX Info: Redefining \overline on input line 399.
\classnum@=\count197
\DOTSCASE@=\count198
LaTeX Info: Redefining \ldots on input line 496.
LaTeX Info: Redefining \dots on input line 499.
LaTeX Info: Redefining \cdots on input line 620.
\Mathstrutbox@=\box49
\strutbox@=\box50
\big@size=\dimen164
LaTeX Font Info:    Redeclaring font encoding OML on input line 743.
LaTeX Font Info:    Redeclaring font encoding OMS on input line 744.
\macc@depth=\count199
\c@MaxMatrixCols=\count266
\dotsspace@=\muskip16
\c@parentequation=\count267
\dspbrk@lvl=\count268
\tag@help=\toks17
\row@=\count269
\column@=\count270
\maxfields@=\count271
\andhelp@=\toks18
\eqnshift@=\dimen165
\alignsep@=\dimen166
\tagshift@=\dimen167
\tagwidth@=\dimen168
\totwidth@=\dimen169
\lineht@=\dimen170
\@envbody=\toks19
\multlinegap=\skip51
\multlinetaggap=\skip52
\mathdisplay@stack=\toks20
LaTeX Info: Redefining \[ on input line 2923.
LaTeX Info: Redefining \] on input line 2924.
)
(C:\Program Files\MiKTeX\tex/latex/amsfonts\amssymb.sty
Package: amssymb 2013/01/14 v3.01 AMS font symbols

(C:\Program Files\MiKTeX\tex/latex/amsfonts\amsfonts.sty
Package: amsfonts 2013/01/14 v3.01 Basic AMSFonts support
\symAMSa=\mathgroup4
\symAMSb=\mathgroup5
LaTeX Font Info:    Redeclaring math symbol \hbar on input line 98.
LaTeX Font Info:    Overwriting math alphabet `\mathfrak' in version `bold'
(Font)                  U/euf/m/n --> U/euf/b/n on input line 106.
))
(C:\Program Files\MiKTeX\tex/latex/amscls\amsthm.sty
Package: amsthm 2020/05/29 v2.20.6
\thm@style=\toks21
\thm@bodyfont=\toks22
\thm@headfont=\toks23
\thm@notefont=\toks24
\thm@headpunct=\toks25
\thm@preskip=\skip53
\thm@postskip=\skip54
\thm@headsep=\skip55
\dth@everypar=\toks26
)
(C:\Program Files\MiKTeX\tex/latex/algorithms\algorithm.sty
Package: algorithm 2009/08/24 v0.1 Document Style `algorithm' - floating enviro
nment

(C:\Program Files\MiKTeX\tex/latex/float\float.sty
Package: float 2001/11/08 v1.3d Float enhancements (AL)
\c@float@type=\count272
\float@exts=\toks27
\float@box=\box51
\@float@everytoks=\toks28
\@floatcapt=\box52
)
(C:\Program Files\MiKTeX\tex/latex/base\ifthen.sty
Package: ifthen 2014/09/29 v1.1c Standard LaTeX ifthen package (DPC)
)
\@float@every@algorithm=\toks29
\c@algorithm=\count273
)
(C:\Program Files\MiKTeX\tex/latex/algorithmicx\algorithmicx.sty
Package: algorithmicx 2005/04/27 v1.2 Algorithmicx

Document Style algorithmicx 1.2 - a greatly improved `algorithmic' style
\c@ALG@line=\count274
\c@ALG@rem=\count275
\c@ALG@nested=\count276
\ALG@tlm=\skip56
\ALG@thistlm=\skip57
\c@ALG@Lnr=\count277
\c@ALG@blocknr=\count278
\c@ALG@storecount=\count279
\c@ALG@tmpcounter=\count280
\ALG@tmplength=\skip58
) (C:\Program Files\MiKTeX\tex/latex/algorithmicx\algpseudocode.sty
Package: algpseudocode 

Document Style - pseudocode environments for use with the `algorithmicx' style
) (C:\Program Files\MiKTeX\tex/latex/graphics\graphicx.sty
Package: graphicx 2020/09/09 v1.2b Enhanced LaTeX Graphics (DPC,SPQR)

(C:\Program Files\MiKTeX\tex/latex/graphics\keyval.sty
Package: keyval 2014/10/28 v1.15 key=value parser (DPC)
\KV@toks@=\toks30
)
(C:\Program Files\MiKTeX\tex/latex/graphics\graphics.sty
Package: graphics 2020/08/30 v1.4c Standard LaTeX Graphics (DPC,SPQR)

(C:\Program Files\MiKTeX\tex/latex/graphics\trig.sty
Package: trig 2016/01/03 v1.10 sin cos tan (DPC)
)
(C:\Program Files\MiKTeX\tex/latex/graphics-cfg\graphics.cfg
File: graphics.cfg 2016/06/04 v1.11 sample graphics configuration
)
Package graphics Info: Driver file: pdftex.def on input line 105.

(C:\Program Files\MiKTeX\tex/latex/graphics-def\pdftex.def
File: pdftex.def 2020/10/05 v1.2a Graphics/color driver for pdftex
))
\Gin@req@height=\dimen171
\Gin@req@width=\dimen172
)
(C:\Program Files\MiKTeX\tex/latex/base\textcomp.sty
Package: textcomp 2020/02/02 v2.0n Standard LaTeX package
)
(C:\Program Files\MiKTeX\tex/latex/xcolor\xcolor.sty
Package: xcolor 2016/05/11 v2.12 LaTeX color extensions (UK)

(C:\Program Files\MiKTeX\tex/latex/graphics-cfg\color.cfg
File: color.cfg 2016/01/02 v1.6 sample color configuration
)
Package xcolor Info: Driver file: pdftex.def on input line 225.
Package xcolor Info: Model `cmy' substituted by `cmy0' on input line 1348.
Package xcolor Info: Model `hsb' substituted by `rgb' on input line 1352.
Package xcolor Info: Model `RGB' extended on input line 1364.
Package xcolor Info: Model `HTML' substituted by `rgb' on input line 1366.
Package xcolor Info: Model `Hsb' substituted by `hsb' on input line 1367.
Package xcolor Info: Model `tHsb' substituted by `hsb' on input line 1368.
Package xcolor Info: Model `HSB' substituted by `hsb' on input line 1369.
Package xcolor Info: Model `Gray' substituted by `gray' on input line 1370.
Package xcolor Info: Model `wave' substituted by `hsb' on input line 1371.
)
(C:\Program Files\MiKTeX\tex/latex/booktabs\booktabs.sty
Package: booktabs 2020/01/12 v1.61803398 Publication quality tables
\heavyrulewidth=\dimen173
\lightrulewidth=\dimen174
\cmidrulewidth=\dimen175
\belowrulesep=\dimen176
\belowbottomsep=\dimen177
\aboverulesep=\dimen178
\abovetopsep=\dimen179
\cmidrulesep=\dimen180
\cmidrulekern=\dimen181
\defaultaddspace=\dimen182
\@cmidla=\count281
\@cmidlb=\count282
\@aboverulesep=\dimen183
\@belowrulesep=\dimen184
\@thisruleclass=\count283
\@lastruleclass=\count284
\@thisrulewidth=\dimen185
)
(C:\Program Files\MiKTeX\tex/latex/url\url.sty
\Urlmuskip=\muskip17
Package: url 2013/09/16  ver 3.4  Verb mode for urls, etc.
)
\c@problem=\count285
\c@lemma=\count286
\c@theorem=\count287

(C:\Program Files\MiKTeX\tex/latex/l3backend\l3backend-pdftex.def
File: l3backend-pdftex.def 2021-02-18 L3 backend support: PDF output (pdfTeX)
\l__color_backend_stack_int=\count288
\l__pdf_internal_box=\box53
)
(bare_jrnl_compsoc.aux)
\openout1 = `bare_jrnl_compsoc.aux'.

LaTeX Font Info:    Checking defaults for OML/cmm/m/it on input line 441.
LaTeX Font Info:    ... okay on input line 441.
LaTeX Font Info:    Checking defaults for OMS/cmsy/m/n on input line 441.
LaTeX Font Info:    ... okay on input line 441.
LaTeX Font Info:    Checking defaults for OT1/cmr/m/n on input line 441.
LaTeX Font Info:    ... okay on input line 441.
LaTeX Font Info:    Checking defaults for T1/cmr/m/n on input line 441.
LaTeX Font Info:    ... okay on input line 441.
LaTeX Font Info:    Checking defaults for TS1/cmr/m/n on input line 441.
LaTeX Font Info:    ... okay on input line 441.
LaTeX Font Info:    Checking defaults for OMX/cmex/m/n on input line 441.
LaTeX Font Info:    ... okay on input line 441.
LaTeX Font Info:    Checking defaults for U/cmr/m/n on input line 441.
LaTeX Font Info:    ... okay on input line 441.

-- Lines per column: 61 (exact).
(C:\Program Files\MiKTeX\tex/context/base/mkii\supp-pdf.mkii
[Loading MPS to PDF converter (version 2006.09.02).]
\scratchcounter=\count289
\scratchdimen=\dimen186
\scratchbox=\box54
\nofMPsegments=\count290
\nofMParguments=\count291
\everyMPshowfont=\toks31
\MPscratchCnt=\count292
\MPscratchDim=\dimen187
\MPnumerator=\count293
\makeMPintoPDFobject=\count294
\everyMPtoPDFconversion=\toks32
) (C:\Program Files\MiKTeX\tex/latex/epstopdf-pkg\epstopdf-base.sty
Package: epstopdf-base 2020-01-24 v2.11 Base part for package epstopdf
Package epstopdf-base Info: Redefining graphics rule for `.eps' on input line 4
85.
)
LaTeX Font Info:    Trying to load font information for OT1+phv on input line 5
76.

(C:\Program Files\MiKTeX\tex/latex/psnfss\ot1phv.fd
File: ot1phv.fd 2020/03/25 scalable font definitions for OT1/phv.
)
LaTeX Font Info:    Calculating math sizes for size <24.09> on input line 576.
LaTeX Font Info:    Trying to load font information for U+msa on input line 576
.

(C:\Program Files\MiKTeX\tex/latex/amsfonts\umsa.fd
File: umsa.fd 2013/01/14 v3.01 AMS symbols A
)
LaTeX Font Info:    Trying to load font information for U+msb on input line 576
.

(C:\Program Files\MiKTeX\tex/latex/amsfonts\umsb.fd
File: umsb.fd 2013/01/14 v3.01 AMS symbols B
)
LaTeX Font Info:    Calculating math sizes for size <8.03> on input line 576.
LaTeX Font Info:    Font shape `OT1/phv/m/it' in size <8.03> not available
(Font)              Font shape `OT1/phv/m/sl' tried instead on input line 576.
LaTeX Font Info:    Calculating math sizes for size <11.04124> on input line 57
6.
LaTeX Font Info:    Trying to load font information for U+pzd on input line 576
.

(C:\Program Files\MiKTeX\tex/latex/psnfss\upzd.fd
File: upzd.fd 2001/06/04 font definitions for U/pzd.
) (sections/Introduction.tex
LaTeX Font Info:    Calculating math sizes for size <9.53561> on input line 17.

LaTeX Font Info:    Calculating math sizes for size <9.03374> on input line 24.

<pictures/case_study_icde/case_study_overview.pdf, id=1, 3718.8636pt x 1782.800
54pt>
File: pictures/case_study_icde/case_study_overview.pdf Graphic file (type pdf)
<use pictures/case_study_icde/case_study_overview.pdf>
Package pdftex.def Info: pictures/case_study_icde/case_study_overview.pdf  used
 on input line 95.
(pdftex.def)             Requested size: 507.57408pt x 243.30641pt.

Underfull \vbox (badness 10000) has occurred while \output is active []

LaTeX Font Info:    Calculating math sizes for size <7.02625> on input line 115
.
 [1{C:/Users/Administrator/AppData/Local/MiKTeX/pdftex/config/pdftex.map}


])
(sections/RelatedWork.tex
Underfull \vbox (badness 10000) has occurred while \output is active []

 [2 <./pictures/case_study_icde/case_study_overview.pdf>]

pdfTeX warning: pdflatex.exe (file ./pictures/framework/framework.pdf): PDF inc
lusion: found PDF version <1.7>, but at most version <1.5> allowed
<pictures/framework/framework.pdf, id=43, 563.10374pt x 170.6375pt>
File: pictures/framework/framework.pdf Graphic file (type pdf)
<use pictures/framework/framework.pdf>
Package pdftex.def Info: pictures/framework/framework.pdf  used on input line 5
0.
(pdftex.def)             Requested size: 233.06917pt x 70.62576pt.
) (sections/ProblemFormulation.tex
Underfull \vbox (badness 10000) has occurred while \output is active []

 [3 <./pictures/framework/framework.pdf>]

pdfTeX warning: pdflatex.exe (file ./pictures/problemsolveing/RenderedPixels.pd
f): PDF inclusion: found PDF version <1.7>, but at most version <1.5> allowed
<pictures/problemsolveing/RenderedPixels.pdf, id=62, 831.65405pt x 498.99222pt>

File: pictures/problemsolveing/RenderedPixels.pdf Graphic file (type pdf)
<use pictures/problemsolveing/RenderedPixels.pdf>
Package pdftex.def Info: pictures/problemsolveing/RenderedPixels.pdf  used on i
nput line 9.
(pdftex.def)             Requested size: 126.47249pt x 75.8811pt.
) (sections/ProblemSolving.tex
LaTeX Font Info:    Font shape `OT1/phv/m/it' in size <9.53561> not available
(Font)              Font shape `OT1/phv/m/sl' tried instead on input line 32.
 [4 <./pictures/problemsolveing/RenderedPixels.pdf>]

pdfTeX warning: pdflatex.exe (file ./pictures/1st.pdf): PDF inclusion: found PD
F version <1.7>, but at most version <1.5> allowed
<pictures/1st.pdf, id=77, 216.81pt x 172.2435pt>
File: pictures/1st.pdf Graphic file (type pdf)
<use pictures/1st.pdf>
Package pdftex.def Info: pictures/1st.pdf  used on input line 104.
(pdftex.def)             Requested size: 101.17645pt x 80.37886pt.


pdfTeX warning: pdflatex.exe (file ./pictures/2nd.pdf): PDF inclusion: found PD
F version <1.7>, but at most version <1.5> allowed
<pictures/2nd.pdf, id=78, 216.81pt x 172.2435pt>
File: pictures/2nd.pdf Graphic file (type pdf)
<use pictures/2nd.pdf>
Package pdftex.def Info: pictures/2nd.pdf  used on input line 106.
(pdftex.def)             Requested size: 101.17645pt x 80.37886pt.
<pictures/motivation_VQGS.pdf, id=79, 844.15375pt x 804.00375pt>
File: pictures/motivation_VQGS.pdf Graphic file (type pdf)
<use pictures/motivation_VQGS.pdf>
Package pdftex.def Info: pictures/motivation_VQGS.pdf  used on input line 164.
(pdftex.def)             Requested size: 90.63823pt x 86.3183pt.
<pictures/motivation_VQGS+d64.pdf, id=80, 836.12375pt x 804.00375pt>
File: pictures/motivation_VQGS+d64.pdf Graphic file (type pdf)
<use pictures/motivation_VQGS+d64.pdf>
Package pdftex.def Info: pictures/motivation_VQGS+d64.pdf  used on input line 1
66.
(pdftex.def)             Requested size: 90.63823pt x 87.15253pt.
<pictures/motivation_VQGS+d64CE.pdf, id=81, 840.13875pt x 804.00375pt>
File: pictures/motivation_VQGS+d64CE.pdf Graphic file (type pdf)
<use pictures/motivation_VQGS+d64CE.pdf>
Package pdftex.def Info: pictures/motivation_VQGS+d64CE.pdf  used on input line
 168.
(pdftex.def)             Requested size: 90.63823pt x 86.73541pt.
<pictures/zoomlevel.pdf, id=82, 1204.5pt x 803.0pt>
File: pictures/zoomlevel.pdf Graphic file (type pdf)
<use pictures/zoomlevel.pdf>
Package pdftex.def Info: pictures/zoomlevel.pdf  used on input line 181.
(pdftex.def)             Requested size: 132.0757pt x 88.04845pt.
[5 <./pictures/1st.pdf> <./pictures/2nd.pdf

pdfTeX warning: pdflatex.exe (file ./pictures/2nd.pdf): PDF inclusion: multiple
 pdfs with page group included in a single page
>]) (sections/Index.tex

pdfTeX warning: pdflatex.exe (file ./pictures/cheetahtraj.pdf): PDF inclusion: 
found PDF version <1.6>, but at most version <1.5> allowed
<pictures/cheetahtraj.pdf, id=124, 610.78592pt x 417.97054pt>
File: pictures/cheetahtraj.pdf Graphic file (type pdf)
<use pictures/cheetahtraj.pdf>
Package pdftex.def Info: pictures/cheetahtraj.pdf  used on input line 19.
(pdftex.def)             Requested size: 243.43007pt x 166.57936pt.
[6 <./pictures/motivation_VQGS.pdf> <./pictures/motivation_VQGS+d64.pdf

pdfTeX warning: pdflatex.exe (file ./pictures/motivation_VQGS+d64.pdf): PDF inc
lusion: multiple pdfs with page group included in a single page
> <./pictures/motivation_VQGS+d64CE.pdf

pdfTeX warning: pdflatex.exe (file ./pictures/motivation_VQGS+d64CE.pdf): PDF i
nclusion: multiple pdfs with page group included in a single page
> <./pictures/zoomlevel.pdf

pdfTeX warning: pdflatex.exe (file ./pictures/zoomlevel.pdf): PDF inclusion: mu
ltiple pdfs with page group included in a single page
>]) (sections/Evaluation.tex [7 <./pictures/cheetahtraj.pdf>]
(sections/Evaluation_case_study.tex
<pictures/case_study_icde/case_study_detail.pdf, id=256, 6797.03378pt x 1826.40
338pt>
File: pictures/case_study_icde/case_study_detail.pdf Graphic file (type pdf)
<use pictures/case_study_icde/case_study_detail.pdf>
Package pdftex.def Info: pictures/case_study_icde/case_study_detail.pdf  used o
n input line 7.
(pdftex.def)             Requested size: 517.935pt x 139.14809pt.
) (sections/Evaluation_user_study.tex
[8]
<pictures/user_study/quality.pdf, id=260, 361.35pt x 252.945pt>
File: pictures/user_study/quality.pdf Graphic file (type pdf)
<use pictures/user_study/quality.pdf>
Package pdftex.def Info: pictures/user_study/quality.pdf  used on input line 6.

(pdftex.def)             Requested size: 151.76852pt x 106.23618pt.
<pictures/user_study/clutter.pdf, id=261, 361.35pt x 252.945pt>
File: pictures/user_study/clutter.pdf Graphic file (type pdf)
<use pictures/user_study/clutter.pdf>
Package pdftex.def Info: pictures/user_study/clutter.pdf  used on input line 8.

(pdftex.def)             Requested size: 151.76852pt x 106.23618pt.
<pictures/user_study/accept.pdf, id=262, 361.35pt x 252.945pt>
File: pictures/user_study/accept.pdf Graphic file (type pdf)
<use pictures/user_study/accept.pdf>
Package pdftex.def Info: pictures/user_study/accept.pdf  used on input line 10.

(pdftex.def)             Requested size: 151.76852pt x 106.23618pt.
) (sections/Evaluation_quantitative_evaluation.tex
<pictures/quantitative_study/rate_porto_q.pdf, id=263, 361.35pt x 252.945pt>
File: pictures/quantitative_study/rate_porto_q.pdf Graphic file (type pdf)
<use pictures/quantitative_study/rate_porto_q.pdf>
Package pdftex.def Info: pictures/quantitative_study/rate_porto_q.pdf  used on 
input line 5.
(pdftex.def)             Requested size: 155.38206pt x 108.76808pt.
<pictures/quantitative_study/rate_sz_q.pdf, id=264, 361.35pt x 252.945pt>
File: pictures/quantitative_study/rate_sz_q.pdf Graphic file (type pdf)
<use pictures/quantitative_study/rate_sz_q.pdf>
Package pdftex.def Info: pictures/quantitative_study/rate_sz_q.pdf  used on inp
ut line 7.
(pdftex.def)             Requested size: 155.38206pt x 108.76808pt.
<pictures/quantitative_study/rate_cd_q.pdf, id=265, 361.35pt x 252.945pt>
File: pictures/quantitative_study/rate_cd_q.pdf Graphic file (type pdf)
<use pictures/quantitative_study/rate_cd_q.pdf>
Package pdftex.def Info: pictures/quantitative_study/rate_cd_q.pdf  used on inp
ut line 9.
(pdftex.def)             Requested size: 155.38206pt x 108.76808pt.
<pictures/quantitative_study/rate_porto_t.pdf, id=266, 361.35pt x 252.945pt>
File: pictures/quantitative_study/rate_porto_t.pdf Graphic file (type pdf)
<use pictures/quantitative_study/rate_porto_t.pdf>
Package pdftex.def Info: pictures/quantitative_study/rate_porto_t.pdf  used on 
input line 27.
(pdftex.def)             Requested size: 155.38206pt x 108.76808pt.
<pictures/quantitative_study/rate_sz_t.pdf, id=267, 361.35pt x 252.945pt>
File: pictures/quantitative_study/rate_sz_t.pdf Graphic file (type pdf)
<use pictures/quantitative_study/rate_sz_t.pdf>
Package pdftex.def Info: pictures/quantitative_study/rate_sz_t.pdf  used on inp
ut line 29.
(pdftex.def)             Requested size: 155.38206pt x 108.76808pt.
<pictures/quantitative_study/rate_cd_t.pdf, id=268, 361.35pt x 252.945pt>
File: pictures/quantitative_study/rate_cd_t.pdf Graphic file (type pdf)
<use pictures/quantitative_study/rate_cd_t.pdf>
Package pdftex.def Info: pictures/quantitative_study/rate_cd_t.pdf  used on inp
ut line 31.
(pdftex.def)             Requested size: 155.38206pt x 108.76808pt.
<pictures/quantitative_study/size_porto_t.pdf, id=269, 361.35pt x 252.945pt>
File: pictures/quantitative_study/size_porto_t.pdf Graphic file (type pdf)
<use pictures/quantitative_study/size_porto_t.pdf>
Package pdftex.def Info: pictures/quantitative_study/size_porto_t.pdf  used on 
input line 49.
(pdftex.def)             Requested size: 155.38206pt x 108.76808pt.
<pictures/quantitative_study/size_sz_t.pdf, id=270, 361.35pt x 252.945pt>
File: pictures/quantitative_study/size_sz_t.pdf Graphic file (type pdf)
<use pictures/quantitative_study/size_sz_t.pdf>
Package pdftex.def Info: pictures/quantitative_study/size_sz_t.pdf  used on inp
ut line 51.
(pdftex.def)             Requested size: 155.38206pt x 108.76808pt.
<pictures/quantitative_study/size_cd_t.pdf, id=271, 361.35pt x 252.945pt>
File: pictures/quantitative_study/size_cd_t.pdf Graphic file (type pdf)
<use pictures/quantitative_study/size_cd_t.pdf>
Package pdftex.def Info: pictures/quantitative_study/size_cd_t.pdf  used on inp
ut line 53.
(pdftex.def)             Requested size: 155.38206pt x 108.76808pt.
<pictures/quantitative_study/vqgs_porto_t.pdf, id=272, 361.35pt x 252.945pt>
File: pictures/quantitative_study/vqgs_porto_t.pdf Graphic file (type pdf)
<use pictures/quantitative_study/vqgs_porto_t.pdf>
Package pdftex.def Info: pictures/quantitative_study/vqgs_porto_t.pdf  used on 
input line 72.
(pdftex.def)             Requested size: 155.38206pt x 108.76808pt.
<pictures/quantitative_study/vqgs_sz_t.pdf, id=273, 361.35pt x 252.945pt>
File: pictures/quantitative_study/vqgs_sz_t.pdf Graphic file (type pdf)
<use pictures/quantitative_study/vqgs_sz_t.pdf>
Package pdftex.def Info: pictures/quantitative_study/vqgs_sz_t.pdf  used on inp
ut line 74.
(pdftex.def)             Requested size: 155.38206pt x 108.76808pt.
<pictures/quantitative_study/vqgs_cd_t.pdf, id=274, 361.35pt x 252.945pt>
File: pictures/quantitative_study/vqgs_cd_t.pdf Graphic file (type pdf)
<use pictures/quantitative_study/vqgs_cd_t.pdf>
Package pdftex.def Info: pictures/quantitative_study/vqgs_cd_t.pdf  used on inp
ut line 76.
(pdftex.def)             Requested size: 155.38206pt x 108.76808pt.
 [9 <./pictures/case_study_icde/case_study_detail.pdf>] [10 <./pictures/user_st
udy/quality.pdf> <./pictures/user_study/clutter.pdf> <./pictures/user_study/acc
ept.pdf> <./pictures/quantitative_study/rate_porto_q.pdf> <./pictures/quantitat
ive_study/rate_sz_q.pdf> <./pictures/quantitative_study/rate_cd_q.pdf> <./pictu
res/quantitative_study/rate_porto_t.pdf> <./pictures/quantitative_study/rate_sz
_t.pdf> <./pictures/quantitative_study/rate_cd_t.pdf> <./pictures/quantitative_
study/size_porto_t.pdf> <./pictures/quantitative_study/size_sz_t.pdf> <./pictur
es/quantitative_study/size_cd_t.pdf> <./pictures/quantitative_study/vqgs_porto_
t.pdf> <./pictures/quantitative_study/vqgs_sz_t.pdf> <./pictures/quantitative_s
tudy/vqgs_cd_t.pdf>]
Overfull \hbox (1.94312pt too wide) in paragraph at lines 168--175
 [][] 
 []

)) (sections/ConclusionFutureWork.tex) (bare_jrnl_compsoc.bbl [11]
Underfull \vbox (badness 1072) has occurred while \output is active []


Underfull \hbox (badness 2080) in paragraph at lines 228--233
[]\OT1/ppl/m/n/8.03 R. Kr[]uger, D. Thom, M. W[]orner, H. Bosch, and T. Ertl,
 []


Underfull \hbox (badness 10000) in paragraph at lines 235--238
[]\OT1/ppl/m/n/8.03 ``Fitts' law: Track-ing users' clicks,'' $https :
 []


Underfull \hbox (badness 10000) in paragraph at lines 235--238
\OT1/ppl/m/n/8.03 / / www . interaction-[]design . org / literature / article /

 []


Underfull \hbox (badness 10000) in paragraph at lines 240--242
[]\OT1/ppl/m/n/8.03 ``Porto dataset,'' $http : / / www . geolink . pt /
 []


Underfull \hbox (badness 10000) in paragraph at lines 244--246
[]\OT1/ppl/m/n/8.03 ``Chengdu dataset,'' $https : / / outreach . didichuxing . 
com /
 []

) [12] (bare_jrnl_compsoc.aux) ) 
Here is how much of TeX's memory you used:
 5247 strings out of 479334
 81140 string characters out of 2866936
 390161 words of memory out of 3000000
 22546 multiletter control sequences out of 15000+200000
 471859 words of font info for 198 fonts, out of 3000000 for 9000
 1144 hyphenation exceptions out of 8191
 68i,14n,74p,1643b,393s stack positions out of 5000i,500n,10000p,200000b,50000s
{C:/Program Files/MiKTeX/fonts/enc/dvips/base/8
r.enc}<C:/Program Files/MiKTeX/fonts/type1/public/amsfonts/cmextra/cmex7.pfb><C
:/Program Files/MiKTeX/fonts/type1/public/amsfonts/cm/cmmi10.pfb><C:/Program Fi
les/MiKTeX/fonts/type1/public/amsfonts/cm/cmmi5.pfb><C:/Program Files/MiKTeX/fo
nts/type1/public/amsfonts/cm/cmmi7.pfb><C:/Program Files/MiKTeX/fonts/type1/pub
lic/amsfonts/cm/cmmi8.pfb><C:/Program Files/MiKTeX/fonts/type1/public/amsfonts/
cm/cmr10.pfb><C:/Program Files/MiKTeX/fonts/type1/public/amsfonts/cm/cmr5.pfb><
C:/Program Files/MiKTeX/fonts/type1/public/amsfonts/cm/cmr6.pfb><C:/Program Fil
es/MiKTeX/fonts/type1/public/amsfonts/cm/cmr7.pfb><C:/Program Files/MiKTeX/font
s/type1/public/amsfonts/cm/cmr8.pfb><C:/Program Files/MiKTeX/fonts/type1/public
/amsfonts/cm/cmss10.pfb><C:/Program Files/MiKTeX/fonts/type1/public/amsfonts/cm
/cmss17.pfb><C:/Program Files/MiKTeX/fonts/type1/public/amsfonts/cm/cmss8.pfb><
C:/Program Files/MiKTeX/fonts/type1/public/amsfonts/cm/cmsy10.pfb><C:/Program F
iles/MiKTeX/fonts/type1/public/amsfonts/cm/cmsy5.pfb><C:/Program Files/MiKTeX/f
onts/type1/public/amsfonts/cm/cmsy7.pfb><C:/Program Files/MiKTeX/fonts/type1/pu
blic/amsfonts/cm/cmtt10.pfb><C:/Program Files/MiKTeX/fonts/type1/urw/helvetic/u
hvb8a.pfb><C:/Program Files/MiKTeX/fonts/type1/urw/helvetic/uhvr8a.pfb><C:/Prog
ram Files/MiKTeX/fonts/type1/urw/helvetic/uhvro8a.pfb><C:/Program Files/MiKTeX/
fonts/type1/urw/palatino/uplb8a.pfb><C:/Program Files/MiKTeX/fonts/type1/urw/pa
latino/uplr8a.pfb><C:/Program Files/MiKTeX/fonts/type1/urw/palatino/uplri8a.pfb
><C:/Program Files/MiKTeX/fonts/type1/urw/zapfding/uzdr.pfb>
Output written on bare_jrnl_compsoc.pdf (12 pages, 7233075 bytes).
PDF statistics:
 432 PDF objects out of 1000 (max. 8388607)
 0 named destinations out of 1000 (max. 500000)
 131 words of extra memory for PDF output out of 10000 (max. 10000000)

